<?xml version="1.0" encoding="UTF-8"?>
<!-- Generated by org.testng.reporters.JUnitXMLReporter -->
<testsuite hostname="ElvinPC" ignored="0" tests="1" failures="1" timestamp="2020-07-02T19:56:43 CST" time="12.8" errors="0">
  <testcase name="checkEuroCurrency" time="5.355" classname="checkEuroCurrencyTest">
    <failure type="java.lang.AssertionError" message="expected [86.93â‚¬] but found [86.93€]">
      <![CDATA[java.lang.AssertionError: expected [86.93â‚¬] but found [86.93€]
at checkEuroCurrencyTest.checkEuroCurrency(checkEuroCurrencyTest.java:33)
at java.util.ArrayList.forEach(ArrayList.java:1257)
... Removed 36 stack frames]]>
    </failure>
  </testcase> <!-- checkEuroCurrency -->
</testsuite>
