<?xml version="1.0" encoding="UTF-8"?>
<!-- Generated by org.testng.reporters.JUnitXMLReporter -->
<testsuite hostname="ElvinPC" ignored="0" tests="1" failures="1" timestamp="2020-07-02T19:56:58 CST" time="14.008" errors="0">
  <testcase name="checkPoundSterlingCurrency" time="6.212" classname="checkPoundSterlingCurrency">
    <failure type="java.lang.AssertionError" message="expected [Â£76.19] but found [£76.19]">
      <![CDATA[java.lang.AssertionError: expected [Â£76.19] but found [£76.19]
at checkPoundSterlingCurrency.checkPoundSterlingCurrency(checkPoundSterlingCurrency.java:30)
at java.util.ArrayList.forEach(ArrayList.java:1257)
... Removed 36 stack frames]]>
    </failure>
  </testcase> <!-- checkPoundSterlingCurrency -->
</testsuite>
