<?xml version="1.0" encoding="UTF-8"?>
<testng-results skipped="0" failed="2" ignored="0" total="5" passed="3">
  <reporter-output>
  </reporter-output>
  <suite name="FinalProyect" duration-ms="69027" started-at="2020-07-02T19:56:05 CST" finished-at="2020-07-02T19:57:14 CST">
    <groups>
    </groups>
    <test name="registerTest" duration-ms="12482" started-at="2020-07-02T19:56:05 CST" finished-at="2020-07-02T19:56:18 CST">
      <class name="registerTest">
        <test-method status="PASS" signature="setUpTest(java.lang.String)[pri:0, instance:registerTest@1d7f7be7]" name="setUpTest" is-config="true" duration-ms="8489" started-at="2020-07-02T19:56:05 CST" finished-at="2020-07-02T19:56:14 CST">
          <params>
            <param index="0">
              <value>
                <![CDATA[chrome]]>
              </value>
            </param>
          </params>
          <reporter-output>
          </reporter-output>
        </test-method> <!-- setUpTest -->
        <test-method status="PASS" signature="registerTest(java.lang.String, java.lang.String, java.lang.String, java.lang.String, java.lang.String)[pri:1, instance:registerTest@1d7f7be7]" name="registerTest" duration-ms="2894" started-at="2020-07-02T19:56:14 CST" finished-at="2020-07-02T19:56:17 CST">
          <params>
            <param index="0">
              <value>
                <![CDATA[Elvin]]>
              </value>
            </param>
            <param index="1">
              <value>
                <![CDATA[Gomez]]>
              </value>
            </param>
            <param index="2">
              <value>
                <![CDATA[12345678]]>
              </value>
            </param>
            <param index="3">
              <value>
                <![CDATA[Test123]]>
              </value>
            </param>
            <param index="4">
              <value>
                <![CDATA[Test123]]>
              </value>
            </param>
          </params>
          <reporter-output>
          </reporter-output>
        </test-method> <!-- registerTest -->
        <test-method status="PASS" signature="tearDown()[pri:0, instance:registerTest@1d7f7be7]" name="tearDown" is-config="true" duration-ms="703" started-at="2020-07-02T19:56:17 CST" finished-at="2020-07-02T19:56:18 CST">
          <reporter-output>
          </reporter-output>
        </test-method> <!-- tearDown -->
      </class> <!-- registerTest -->
    </test> <!-- registerTest -->
    <test name="searchingAndShoppingItem" duration-ms="13002" started-at="2020-07-02T19:56:18 CST" finished-at="2020-07-02T19:56:31 CST">
      <class name="shoppingTest">
        <test-method status="PASS" signature="setUpTest(java.lang.String)[pri:0, instance:shoppingTest@1643d68f]" name="setUpTest" is-config="true" duration-ms="5422" started-at="2020-07-02T19:56:18 CST" finished-at="2020-07-02T19:56:23 CST">
          <params>
            <param index="0">
              <value>
                <![CDATA[firefox]]>
              </value>
            </param>
          </params>
          <reporter-output>
          </reporter-output>
        </test-method> <!-- setUpTest -->
        <test-method status="PASS" signature="searchingAndShoppingItem(java.lang.String, java.lang.String, java.lang.String)[pri:2, instance:shoppingTest@1643d68f]" name="searchingAndShoppingItem" duration-ms="5834" started-at="2020-07-02T19:56:23 CST" finished-at="2020-07-02T19:56:29 CST">
          <params>
            <param index="0">
              <value>
                <![CDATA[elvin.test@testmail.com]]>
              </value>
            </param>
            <param index="1">
              <value>
                <![CDATA[Test123]]>
              </value>
            </param>
            <param index="2">
              <value>
                <![CDATA[macbook]]>
              </value>
            </param>
          </params>
          <reporter-output>
          </reporter-output>
        </test-method> <!-- searchingAndShoppingItem -->
        <test-method status="PASS" signature="tearDown()[pri:0, instance:shoppingTest@1643d68f]" name="tearDown" is-config="true" duration-ms="1740" started-at="2020-07-02T19:56:29 CST" finished-at="2020-07-02T19:56:31 CST">
          <reporter-output>
          </reporter-output>
        </test-method> <!-- tearDown -->
      </class> <!-- shoppingTest -->
    </test> <!-- searchingAndShoppingItem -->
    <test name="checkEuroCurrency" duration-ms="12800" started-at="2020-07-02T19:56:31 CST" finished-at="2020-07-02T19:56:43 CST">
      <class name="checkEuroCurrencyTest">
        <test-method status="PASS" signature="setUpTest(java.lang.String)[pri:0, instance:checkEuroCurrencyTest@741b3bc3]" name="setUpTest" is-config="true" duration-ms="6618" started-at="2020-07-02T19:56:31 CST" finished-at="2020-07-02T19:56:37 CST">
          <params>
            <param index="0">
              <value>
                <![CDATA[chrome]]>
              </value>
            </param>
          </params>
          <reporter-output>
          </reporter-output>
        </test-method> <!-- setUpTest -->
        <test-method status="FAIL" signature="checkEuroCurrency(pojo.euroCurrencyData)[pri:3, instance:checkEuroCurrencyTest@741b3bc3]" name="checkEuroCurrency" duration-ms="5355" started-at="2020-07-02T19:56:37 CST" data-provider="getEuroCurrencyFromJson" finished-at="2020-07-02T19:56:43 CST">
          <params>
            <param index="0">
              <value>
                <![CDATA[pojo.euroCurrencyData@7babed9e]]>
              </value>
            </param>
          </params>
          <exception class="java.lang.AssertionError">
            <message>
              <![CDATA[expected [86.93â‚¬] but found [86.93€]]]>
            </message>
            <full-stacktrace>
              <![CDATA[java.lang.AssertionError: expected [86.93â‚¬] but found [86.93€]
at org.testng.Assert.fail(Assert.java:97)
at org.testng.Assert.assertEqualsImpl(Assert.java:136)
at org.testng.Assert.assertEquals(Assert.java:118)
at org.testng.Assert.assertEquals(Assert.java:575)
at org.testng.Assert.assertEquals(Assert.java:585)
at checkEuroCurrencyTest.checkEuroCurrency(checkEuroCurrencyTest.java:33)
at sun.reflect.NativeMethodAccessorImpl.invoke0(Native Method)
at sun.reflect.NativeMethodAccessorImpl.invoke(NativeMethodAccessorImpl.java:62)
at sun.reflect.DelegatingMethodAccessorImpl.invoke(DelegatingMethodAccessorImpl.java:43)
at java.lang.reflect.Method.invoke(Method.java:498)
at org.testng.internal.MethodInvocationHelper.invokeMethod(MethodInvocationHelper.java:134)
at org.testng.internal.TestInvoker.invokeMethod(TestInvoker.java:597)
at org.testng.internal.TestInvoker.invokeTestMethod(TestInvoker.java:173)
at org.testng.internal.MethodRunner.runInSequence(MethodRunner.java:46)
at org.testng.internal.TestInvoker$MethodInvocationAgent.invoke(TestInvoker.java:816)
at org.testng.internal.TestInvoker.invokeTestMethods(TestInvoker.java:146)
at org.testng.internal.TestMethodWorker.invokeTestMethods(TestMethodWorker.java:146)
at org.testng.internal.TestMethodWorker.run(TestMethodWorker.java:128)
at java.util.ArrayList.forEach(ArrayList.java:1257)
at org.testng.TestRunner.privateRun(TestRunner.java:766)
at org.testng.TestRunner.run(TestRunner.java:587)
at org.testng.SuiteRunner.runTest(SuiteRunner.java:384)
at org.testng.SuiteRunner.runSequentially(SuiteRunner.java:378)
at org.testng.SuiteRunner.privateRun(SuiteRunner.java:337)
at org.testng.SuiteRunner.run(SuiteRunner.java:286)
at org.testng.SuiteRunnerWorker.runSuite(SuiteRunnerWorker.java:53)
at org.testng.SuiteRunnerWorker.run(SuiteRunnerWorker.java:96)
at org.testng.TestNG.runSuitesSequentially(TestNG.java:1187)
at org.testng.TestNG.runSuitesLocally(TestNG.java:1109)
at org.testng.TestNG.runSuites(TestNG.java:1039)
at org.testng.TestNG.run(TestNG.java:1007)
at org.apache.maven.surefire.testng.TestNGExecutor.run(TestNGExecutor.java:283)
at org.apache.maven.surefire.testng.TestNGXmlTestSuite.execute(TestNGXmlTestSuite.java:75)
at org.apache.maven.surefire.testng.TestNGProvider.invoke(TestNGProvider.java:120)
at org.apache.maven.surefire.booter.ForkedBooter.invokeProviderInSameClassLoader(ForkedBooter.java:383)
at org.apache.maven.surefire.booter.ForkedBooter.runSuitesInProcess(ForkedBooter.java:344)
at org.apache.maven.surefire.booter.ForkedBooter.execute(ForkedBooter.java:125)
at org.apache.maven.surefire.booter.ForkedBooter.main(ForkedBooter.java:417)
]]>
            </full-stacktrace>
          </exception> <!-- java.lang.AssertionError -->
          <reporter-output>
          </reporter-output>
        </test-method> <!-- checkEuroCurrency -->
        <test-method status="PASS" signature="tearDown()[pri:0, instance:checkEuroCurrencyTest@741b3bc3]" name="tearDown" is-config="true" duration-ms="682" started-at="2020-07-02T19:56:43 CST" finished-at="2020-07-02T19:56:43 CST">
          <reporter-output>
          </reporter-output>
        </test-method> <!-- tearDown -->
      </class> <!-- checkEuroCurrencyTest -->
    </test> <!-- checkEuroCurrency -->
    <test name="checkPoundSterlingCurrency" duration-ms="14008" started-at="2020-07-02T19:56:43 CST" finished-at="2020-07-02T19:56:57 CST">
      <class name="checkPoundSterlingCurrency">
        <test-method status="PASS" signature="setUpTest(java.lang.String)[pri:0, instance:checkPoundSterlingCurrency@7813cb11]" name="setUpTest" is-config="true" duration-ms="4914" started-at="2020-07-02T19:56:43 CST" finished-at="2020-07-02T19:56:48 CST">
          <params>
            <param index="0">
              <value>
                <![CDATA[firefox]]>
              </value>
            </param>
          </params>
          <reporter-output>
          </reporter-output>
        </test-method> <!-- setUpTest -->
        <test-method status="FAIL" signature="checkPoundSterlingCurrency(pojo.poundSterlingCurrencyData)[pri:4, instance:checkPoundSterlingCurrency@7813cb11]" name="checkPoundSterlingCurrency" duration-ms="6212" started-at="2020-07-02T19:56:48 CST" data-provider="getPoundSterlingCurrency" finished-at="2020-07-02T19:56:55 CST">
          <params>
            <param index="0">
              <value>
                <![CDATA[pojo.poundSterlingCurrencyData@7d61468c]]>
              </value>
            </param>
          </params>
          <exception class="java.lang.AssertionError">
            <message>
              <![CDATA[expected [Â£76.19] but found [£76.19]]]>
            </message>
            <full-stacktrace>
              <![CDATA[java.lang.AssertionError: expected [Â£76.19] but found [£76.19]
at org.testng.Assert.fail(Assert.java:97)
at org.testng.Assert.assertEqualsImpl(Assert.java:136)
at org.testng.Assert.assertEquals(Assert.java:118)
at org.testng.Assert.assertEquals(Assert.java:575)
at org.testng.Assert.assertEquals(Assert.java:585)
at checkPoundSterlingCurrency.checkPoundSterlingCurrency(checkPoundSterlingCurrency.java:30)
at sun.reflect.NativeMethodAccessorImpl.invoke0(Native Method)
at sun.reflect.NativeMethodAccessorImpl.invoke(NativeMethodAccessorImpl.java:62)
at sun.reflect.DelegatingMethodAccessorImpl.invoke(DelegatingMethodAccessorImpl.java:43)
at java.lang.reflect.Method.invoke(Method.java:498)
at org.testng.internal.MethodInvocationHelper.invokeMethod(MethodInvocationHelper.java:134)
at org.testng.internal.TestInvoker.invokeMethod(TestInvoker.java:597)
at org.testng.internal.TestInvoker.invokeTestMethod(TestInvoker.java:173)
at org.testng.internal.MethodRunner.runInSequence(MethodRunner.java:46)
at org.testng.internal.TestInvoker$MethodInvocationAgent.invoke(TestInvoker.java:816)
at org.testng.internal.TestInvoker.invokeTestMethods(TestInvoker.java:146)
at org.testng.internal.TestMethodWorker.invokeTestMethods(TestMethodWorker.java:146)
at org.testng.internal.TestMethodWorker.run(TestMethodWorker.java:128)
at java.util.ArrayList.forEach(ArrayList.java:1257)
at org.testng.TestRunner.privateRun(TestRunner.java:766)
at org.testng.TestRunner.run(TestRunner.java:587)
at org.testng.SuiteRunner.runTest(SuiteRunner.java:384)
at org.testng.SuiteRunner.runSequentially(SuiteRunner.java:378)
at org.testng.SuiteRunner.privateRun(SuiteRunner.java:337)
at org.testng.SuiteRunner.run(SuiteRunner.java:286)
at org.testng.SuiteRunnerWorker.runSuite(SuiteRunnerWorker.java:53)
at org.testng.SuiteRunnerWorker.run(SuiteRunnerWorker.java:96)
at org.testng.TestNG.runSuitesSequentially(TestNG.java:1187)
at org.testng.TestNG.runSuitesLocally(TestNG.java:1109)
at org.testng.TestNG.runSuites(TestNG.java:1039)
at org.testng.TestNG.run(TestNG.java:1007)
at org.apache.maven.surefire.testng.TestNGExecutor.run(TestNGExecutor.java:283)
at org.apache.maven.surefire.testng.TestNGXmlTestSuite.execute(TestNGXmlTestSuite.java:75)
at org.apache.maven.surefire.testng.TestNGProvider.invoke(TestNGProvider.java:120)
at org.apache.maven.surefire.booter.ForkedBooter.invokeProviderInSameClassLoader(ForkedBooter.java:383)
at org.apache.maven.surefire.booter.ForkedBooter.runSuitesInProcess(ForkedBooter.java:344)
at org.apache.maven.surefire.booter.ForkedBooter.execute(ForkedBooter.java:125)
at org.apache.maven.surefire.booter.ForkedBooter.main(ForkedBooter.java:417)
]]>
            </full-stacktrace>
          </exception> <!-- java.lang.AssertionError -->
          <reporter-output>
          </reporter-output>
        </test-method> <!-- checkPoundSterlingCurrency -->
        <test-method status="PASS" signature="tearDown()[pri:0, instance:checkPoundSterlingCurrency@7813cb11]" name="tearDown" is-config="true" duration-ms="2873" started-at="2020-07-02T19:56:55 CST" finished-at="2020-07-02T19:56:57 CST">
          <reporter-output>
          </reporter-output>
        </test-method> <!-- tearDown -->
      </class> <!-- checkPoundSterlingCurrency -->
    </test> <!-- checkPoundSterlingCurrency -->
    <test name="checkDollarCurrency" duration-ms="16625" started-at="2020-07-02T19:56:58 CST" finished-at="2020-07-02T19:57:14 CST">
      <class name="checkDollarCurrencyTest">
        <test-method status="PASS" signature="setUpTest(java.lang.String)[pri:0, instance:checkDollarCurrencyTest@76ba13c]" name="setUpTest" is-config="true" duration-ms="6420" started-at="2020-07-02T19:56:58 CST" finished-at="2020-07-02T19:57:04 CST">
          <params>
            <param index="0">
              <value>
                <![CDATA[chrome]]>
              </value>
            </param>
          </params>
          <reporter-output>
          </reporter-output>
        </test-method> <!-- setUpTest -->
        <test-method status="PASS" signature="checkDollarCurrency(pojo.dollarCurrencyData)[pri:5, instance:checkDollarCurrencyTest@76ba13c]" name="checkDollarCurrency" duration-ms="5298" started-at="2020-07-02T19:57:04 CST" data-provider="getDollarCurrencyFromJson" finished-at="2020-07-02T19:57:09 CST">
          <params>
            <param index="0">
              <value>
                <![CDATA[pojo.dollarCurrencyData@1cc9bd9b]]>
              </value>
            </param>
          </params>
          <reporter-output>
          </reporter-output>
        </test-method> <!-- checkDollarCurrency -->
        <test-method status="PASS" signature="tearDown()[pri:0, instance:checkDollarCurrencyTest@76ba13c]" name="tearDown" is-config="true" duration-ms="4900" started-at="2020-07-02T19:57:09 CST" finished-at="2020-07-02T19:57:14 CST">
          <reporter-output>
          </reporter-output>
        </test-method> <!-- tearDown -->
      </class> <!-- checkDollarCurrencyTest -->
    </test> <!-- checkDollarCurrency -->
  </suite> <!-- FinalProyect -->
</testng-results>
